<?xml version="1.0" encoding="UTF-8" ?>
<testsuite errors="0" failures="0" hostname="lucas" name="GUI.StudentFrameTest" skipped="0" tests="4" time="1.593" timestamp="2024-11-04T13:50:34">
  <properties>
[...]
</properties>
  <testcase classname="GUI.StudentFrameTest" name="testSearchable" time="0.907" />
  <testcase classname="GUI.StudentFrameTest" name="testInitializeQueryPanel" time="0.123" />
  <testcase classname="GUI.StudentFrameTest" name="testHandleRecentQuery" time="0.245" />
  <testcase classname="GUI.StudentFrameTest" name="testInitializeFrameComponents" time="0.221" />
  <system-out><![CDATA[数据库驱动程序加载成功
连接数据库成功数据库驱动程序加载成功
连接数据库成功Query saved or updated successfully with limits.
数据库驱动程序加载成功
连接数据库成功数据库驱动程序加载成功
连接数据库成功Query saved or updated successfully with limits.
数据库驱动程序加载成功
连接数据库成功数据库驱动程序加载成功
连接数据库成功Query saved or updated successfully with limits.
]]></system-out>
  <system-err><![CDATA[]]></system-err>
</testsuite>
